2014-02-17 11:24:41.384+0000 INFO  [org.neo4j]: --- INITIALIZED diagnostics START ---
2014-02-17 11:24:41.415+0000 INFO  [org.neo4j]: Neo4j Kernel properties:
    neostore.propertystore.db.mapped_memory=331M
    neostore.nodestore.db.mapped_memory=92M
    neostore.relationshipstore.db.mapped_memory=406M
    neostore.propertystore.db.strings.mapped_memory=282M
    store_dir=target/pnl-demo
    neostore.propertystore.db.arrays.mapped_memory=319M
    ephemeral=false
2014-02-17 11:24:41.430+0000 INFO  [org.neo4j]: Diagnostics providers:
    org.neo4j.kernel.configuration.Config
    org.neo4j.kernel.info.DiagnosticsManager
    SYSTEM_MEMORY
    JAVA_MEMORY
    OPERATING_SYSTEM
    JAVA_VIRTUAL_MACHINE
    CLASSPATH
    LIBRARY_PATH
    SYSTEM_PROPERTIES
    NETWORK
2014-02-17 11:24:41.431+0000 INFO  [org.neo4j]: System memory information:
    Total Physical memory: 4.00 GB
    Free Physical memory: 9.19 MB
    Committed virtual memory: 3.57 GB
    Total swap space: 4.00 GB
    Free swap space: 543.94 MB
2014-02-17 11:24:41.438+0000 INFO  [org.neo4j]: JVM memory information:
    Free  memory: 46.70 MB
    Total memory: 61.50 MB
    Max   memory: 910.50 MB
    Garbage Collector: PS Scavenge: [PS Eden Space, PS Survivor Space]
    Garbage Collector: PS MarkSweep: [PS Eden Space, PS Survivor Space, PS Old Gen, PS Perm Gen]
    Memory Pool: Code Cache (Non-heap memory): committed=2.44 MB, used=478.13 kB, max=48.00 MB, threshold=0.00 B
    Memory Pool: PS Eden Space (Heap memory): committed=16.50 MB, used=14.80 MB, max=336.50 MB, threshold=?
    Memory Pool: PS Survivor Space (Heap memory): committed=2.50 MB, used=0.00 B, max=2.50 MB, threshold=?
    Memory Pool: PS Old Gen (Heap memory): committed=42.50 MB, used=0.00 B, max=682.50 MB, threshold=0.00 B
    Memory Pool: PS Perm Gen (Non-heap memory): committed=21.00 MB, used=6.11 MB, max=82.00 MB, threshold=0.00 B
2014-02-17 11:24:41.447+0000 INFO  [org.neo4j]: Operating system information:
    Operating System: Mac OS X; version: 10.8.4; arch: x86_64; cpus: 4
    Max number of file descriptors: 10240
    Number of open file descriptors: 36
    Process id: 14035@Harpreets-MacBook-Air.local
    Byte order: LITTLE_ENDIAN
    Local timezone: Asia/Kolkata
2014-02-17 11:24:41.619+0000 INFO  [org.neo4j]: JVM information:
    VM Name: Java HotSpot(TM) 64-Bit Server VM
    VM Vendor: Oracle Corporation
    VM Version: 24.51-b03
    JIT compiler: HotSpot 64-Bit Tiered Compilers
    VM Arguments: [-Dfile.encoding=US-ASCII]
2014-02-17 11:24:41.620+0000 INFO  [org.neo4j]: Java classpath:
     [loader.1] file:/System/Library/Java/Extensions/dns_sd.jar
     [bootstrap] /Library/Java/JavaVirtualMachines/jdk1.7.0_51.jdk/Contents/Home/jre/lib/jce.jar
     [loader.1] file:/System/Library/Java/Extensions/MRJToolkit.jar
     [loader.1] file:/System/Library/Java/Extensions/vecmath.jar
     [bootstrap] /Library/Java/JavaVirtualMachines/jdk1.7.0_51.jdk/Contents/Home/jre/lib/sunrsasign.jar
     [loader.1] file:/System/Library/Java/Extensions/libmlib_jai.jnilib
     [classpath + loader.0] file:/Users/Harpreet/.m2/repository/org/neo4j/neo4j-jmx/2.0.1/neo4j-jmx-2.0.1.jar
     [classpath + loader.0] file:/Users/Harpreet/.m2/repository/org/neo4j/neo4j-udc/2.0.1/neo4j-udc-2.0.1.jar
     [classpath + loader.0] file:/Users/Harpreet/.m2/repository/com/googlecode/concurrentlinkedhashmap/concurrentlinkedhashmap-lru/1.3.1/concurrentlinkedhashmap-lru-1.3.1.jar
     [classpath + loader.0] file:/Users/Harpreet/.m2/repository/org/neo4j/neo4j-lucene-index/2.0.1/neo4j-lucene-index-2.0.1.jar
     [loader.1] file:/Library/Java/JavaVirtualMachines/jdk1.7.0_51.jdk/Contents/Home/jre/lib/ext/sunec.jar
     [loader.1] file:/System/Library/Java/Extensions/libJ3D.jnilib
     [classpath + loader.0] file:/Users/Harpreet/.m2/repository/org/neo4j/neo4j-cypher/2.0.1/neo4j-cypher-2.0.1.jar
     [loader.1] file:/System/Library/Java/Extensions/mlibwrapper_jai.jar
     [classpath + loader.0] file:/Users/Harpreet/.m2/repository/org/apache/geronimo/specs/geronimo-jta_1.1_spec/1.1.1/geronimo-jta_1.1_spec-1.1.1.jar
     [classpath + loader.0] file:/Users/Harpreet/.m2/repository/org/neo4j/neo4j-cypher-compiler-2.0/2.0.1/neo4j-cypher-compiler-2.0-2.0.1.jar
     [loader.1] file:/System/Library/Java/Extensions/QTJava.zip
     [classpath + loader.0] file:/Users/Harpreet/.m2/repository/org/scala-lang/scala-library/2.10.3/scala-library-2.10.3.jar
     [loader.1] file:/Library/Java/Extensions/librxtxSerial.jnilib
     [classpath + loader.0] file:/Users/Harpreet/.m2/repository/org/neo4j/neo4j-kernel/2.0.1/neo4j-kernel-2.0.1.jar
     [classpath + loader.0] file:/Users/Harpreet/.m2/repository/org/parboiled/parboiled-scala_2.10/1.1.6/parboiled-scala_2.10-1.1.6.jar
     [loader.1] file:/Library/Java/JavaVirtualMachines/jdk1.7.0_51.jdk/Contents/Home/jre/lib/ext/localedata.jar
     [bootstrap] /Library/Java/JavaVirtualMachines/jdk1.7.0_51.jdk/Contents/Home/jre/lib/charsets.jar
     [loader.1] file:/System/Library/Java/Extensions/libAppleScriptEngine.jnilib
     [loader.1] file:/System/Library/Java/Extensions/libJ3DAudio.jnilib
     [bootstrap] /Library/Java/JavaVirtualMachines/jdk1.7.0_51.jdk/Contents/Home/jre/lib/jfr.jar
     [loader.1] file:/System/Library/Java/Extensions/j3daudio.jar
     [loader.1] file:/System/Library/Java/Extensions/libJ3DUtils.jnilib
     [loader.1] file:/System/Library/Java/Extensions/libQTJNative.jnilib
     [loader.1] file:/System/Library/Java/Extensions/j3dcore.jar
     [loader.1] file:/usr/lib/java/libjdns_sd.jnilib
     [bootstrap] /Library/Java/JavaVirtualMachines/jdk1.7.0_51.jdk/Contents/Home/jre/lib/jsse.jar
     [loader.1] file:/Users/Harpreet/Library/Java/Extensions/libJNPRAuthKit.jnilib
     [loader.1] file:/Library/Java/JavaVirtualMachines/jdk1.7.0_51.jdk/Contents/Home/jre/lib/ext/sunpkcs11.jar
     [loader.1] file:/Library/Java/Extensions/DBusJava.jar
     [loader.1] file:/Library/Java/JavaVirtualMachines/jdk1.7.0_51.jdk/Contents/Home/jre/lib/ext/zipfs.jar
     [loader.1] file:/System/Library/Java/Extensions/j3dutils.jar
     [bootstrap] /Library/Java/JavaVirtualMachines/jdk1.7.0_51.jdk/Contents/Home/jre/classes
     [classpath + loader.0] file:/workspace/Neo4jSampleProject/target/classes/
     [classpath + loader.0] file:/Users/Harpreet/.m2/repository/org/neo4j/neo4j-graph-algo/2.0.1/neo4j-graph-algo-2.0.1.jar
     [loader.1] file:/System/Library/Java/Extensions/jai_core.jar
     [loader.1] file:/Library/Java/JavaVirtualMachines/jdk1.7.0_51.jdk/Contents/Home/jre/lib/ext/sunjce_provider.jar
     [loader.1] file:/System/Library/Java/Extensions/jai_codec.jar
     [classpath + loader.0] file:/Users/Harpreet/.m2/repository/org/neo4j/neo4j-cypher-compiler-1.9/2.0.1/neo4j-cypher-compiler-1.9-2.0.1.jar
     [bootstrap] /Library/Java/JavaVirtualMachines/jdk1.7.0_51.jdk/Contents/Home/jre/lib/resources.jar
     [classpath + loader.0] file:/Users/Harpreet/.m2/repository/org/apache/lucene/lucene-core/3.6.2/lucene-core-3.6.2.jar
     [loader.1] file:/Library/Java/Extensions/RXTXcomm.jar
     [loader.1] file:/Library/Java/JavaVirtualMachines/jdk1.7.0_51.jdk/Contents/Home/jre/lib/ext/dnsns.jar
     [bootstrap] /Library/Java/JavaVirtualMachines/jdk1.7.0_51.jdk/Contents/Home/jre/lib/rt.jar
     [classpath + loader.0] file:/Users/Harpreet/.m2/repository/org/parboiled/parboiled-core/1.1.6/parboiled-core-1.1.6.jar
     [classpath + loader.0] file:/Users/Harpreet/.m2/repository/org/neo4j/neo4j-graph-matching/2.0.1/neo4j-graph-matching-2.0.1.jar
     [loader.1] file:/System/Library/Java/Extensions/AppleScriptEngine.jar
     [classpath + loader.0] file:/Users/Harpreet/.m2/repository/org/neo4j/neo4j-cypher-commons/2.0.1/neo4j-cypher-commons-2.0.1.jar
     [classpath + loader.0] file:/Users/Harpreet/.m2/repository/org/neo4j/neo4j/2.0.1/neo4j-2.0.1.jar
2014-02-17 11:24:41.626+0000 INFO  [org.neo4j]: Library path:
    /Users/Harpreet/Library/Java/Extensions
    /Library/Java/Extensions
    /Network/Library/Java/Extensions
    /System/Library/Java/Extensions
    /usr/lib/java
    /workspace/Neo4jSampleProject
2014-02-17 11:24:41.627+0000 INFO  [org.neo4j]: System.properties:
    sun.boot.library.path = /Library/Java/JavaVirtualMachines/jdk1.7.0_51.jdk/Contents/Home/jre/lib
    user.country.format = IN
    gopherProxySet = false
    path.separator = :
    file.encoding.pkg = sun.io
    user.country = US
    sun.java.launcher = SUN_STANDARD
    sun.os.patch.level = unknown
    user.dir = /workspace/Neo4jSampleProject
    sun.jnu.encoding = UTF-8
    sun.management.compiler = HotSpot 64-Bit Tiered Compilers
    http.nonProxyHosts = local|*.local|169.254/16|*.169.254/16
    user.home = /Users/Harpreet
    user.timezone = Asia/Kolkata
    file.encoding = US-ASCII
    user.name = Harpreet
    sun.java.command = com.oxyent.pnl.neo4j.PathFindingDocTest
    sun.arch.data.model = 64
    user.language = en
    awt.toolkit = sun.lwawt.macosx.LWCToolkit
    file.separator = /
    sun.io.unicode.encoding = UnicodeBig
    sun.cpu.endian = little
    socksNonProxyHosts = local|*.local|169.254/16|*.169.254/16
    ftp.nonProxyHosts = local|*.local|169.254/16|*.169.254/16
    sun.cpu.isalist = 
2014-02-17 11:24:41.628+0000 INFO  [org.neo4j]: Network information:
    Interface en0:
        address: fe80:0:0:0:bae8:56ff:fe05:582a%4
        address: 192.168.0.106
    Interface lo0:
        address: 0:0:0:0:0:0:0:1
        address: fe80:0:0:0:0:0:0:1%1
        address: 127.0.0.1
2014-02-17 11:24:41.631+0000 INFO  [org.neo4j]: --- INITIALIZED diagnostics END ---
2014-02-17 11:24:41.858+0000 INFO  [org.neo4j]: Creating new db @ target/pnl-demo/neostore
2014-02-17 11:24:41.916+0000 INFO  [org.neo4j]: [target/pnl-demo/neostore.relationshiptypestore.db.names] brickCount=0 brickSize=0b mappedMem=0b (storeSize=38b)
2014-02-17 11:24:41.925+0000 INFO  [org.neo4j]: [target/pnl-demo/neostore.relationshiptypestore.db] brickCount=0 brickSize=0b mappedMem=0b (storeSize=0b)
2014-02-17 11:24:41.926+0000 INFO  [org.neo4j]: target/pnl-demo/neostore.relationshiptypestore.db.names hit=0 miss=0 switches=0 ooe=0
2014-02-17 11:24:41.928+0000 INFO  [org.neo4j]: target/pnl-demo/neostore.relationshiptypestore.db hit=0 miss=0 switches=0 ooe=0
2014-02-17 11:24:41.939+0000 INFO  [org.neo4j]: [target/pnl-demo/neostore.labeltokenstore.db.names] brickCount=0 brickSize=0b mappedMem=0b (storeSize=38b)
2014-02-17 11:24:41.942+0000 INFO  [org.neo4j]: [target/pnl-demo/neostore.labeltokenstore.db] brickCount=0 brickSize=0b mappedMem=0b (storeSize=0b)
2014-02-17 11:24:41.942+0000 INFO  [org.neo4j]: target/pnl-demo/neostore.labeltokenstore.db.names hit=0 miss=0 switches=0 ooe=0
2014-02-17 11:24:41.944+0000 INFO  [org.neo4j]: target/pnl-demo/neostore.labeltokenstore.db hit=0 miss=0 switches=0 ooe=0
2014-02-17 11:24:41.950+0000 INFO  [org.neo4j]: [target/pnl-demo/neostore.relationshiptypestore.db.names] brickCount=0 brickSize=0b mappedMem=0b (storeSize=38b)
2014-02-17 11:24:41.951+0000 INFO  [org.neo4j]: [target/pnl-demo/neostore.relationshiptypestore.db] brickCount=0 brickSize=0b mappedMem=0b (storeSize=0b)
2014-02-17 11:24:41.952+0000 INFO  [org.neo4j]: [target/pnl-demo/neostore.labeltokenstore.db.names] brickCount=0 brickSize=0b mappedMem=0b (storeSize=38b)
2014-02-17 11:24:41.953+0000 INFO  [org.neo4j]: [target/pnl-demo/neostore.labeltokenstore.db] brickCount=0 brickSize=0b mappedMem=0b (storeSize=0b)
2014-02-17 11:24:41.953+0000 INFO  [org.neo4j]: [target/pnl-demo/neostore.propertystore.db.strings] brickCount=0 brickSize=295680b mappedMem=295698432b (storeSize=128b)
2014-02-17 11:24:41.954+0000 INFO  [org.neo4j]: [target/pnl-demo/neostore.propertystore.db.index.keys] brickCount=0 brickSize=0b mappedMem=0b (storeSize=38b)
2014-02-17 11:24:41.955+0000 INFO  [org.neo4j]: [target/pnl-demo/neostore.propertystore.db.index] brickCount=0 brickSize=0b mappedMem=0b (storeSize=0b)
2014-02-17 11:24:41.956+0000 INFO  [org.neo4j]: [target/pnl-demo/neostore.propertystore.db.arrays] brickCount=0 brickSize=334464b mappedMem=334495744b (storeSize=128b)
2014-02-17 11:24:41.960+0000 INFO  [org.neo4j]: [target/pnl-demo/neostore.propertystore.db] brickCount=0 brickSize=3470773b mappedMem=347078656b (storeSize=0b)
2014-02-17 11:24:41.965+0000 INFO  [org.neo4j]: [target/pnl-demo/neostore.relationshipstore.db] brickCount=0 brickSize=4257198b mappedMem=425721856b (storeSize=0b)
2014-02-17 11:24:41.966+0000 INFO  [org.neo4j]: [target/pnl-demo/neostore.nodestore.db.labels] brickCount=0 brickSize=0b mappedMem=0b (storeSize=68b)
2014-02-17 11:24:41.972+0000 INFO  [org.neo4j]: [target/pnl-demo/neostore.nodestore.db] brickCount=0 brickSize=964684b mappedMem=96468992b (storeSize=0b)
2014-02-17 11:24:41.973+0000 INFO  [org.neo4j]: [target/pnl-demo/neostore.schemastore.db] brickCount=0 brickSize=0b mappedMem=0b (storeSize=64b)
2014-02-17 11:24:41.974+0000 INFO  [org.neo4j]: [target/pnl-demo/neostore] brickCount=0 brickSize=0b mappedMem=0b (storeSize=0b)
2014-02-17 11:24:41.984+0000 INFO  [org.neo4j]: target/pnl-demo/neostore.relationshiptypestore.db.names hit=0 miss=0 switches=0 ooe=0
2014-02-17 11:24:41.985+0000 INFO  [org.neo4j]: target/pnl-demo/neostore.relationshiptypestore.db hit=0 miss=0 switches=0 ooe=0
2014-02-17 11:24:41.988+0000 INFO  [org.neo4j]: target/pnl-demo/neostore.labeltokenstore.db.names hit=0 miss=0 switches=0 ooe=0
2014-02-17 11:24:41.989+0000 INFO  [org.neo4j]: target/pnl-demo/neostore.labeltokenstore.db hit=0 miss=0 switches=0 ooe=0
2014-02-17 11:24:41.991+0000 INFO  [org.neo4j]: target/pnl-demo/neostore.propertystore.db.strings hit=0 miss=0 switches=0 ooe=0
2014-02-17 11:24:41.992+0000 INFO  [org.neo4j]: target/pnl-demo/neostore.propertystore.db.index.keys hit=0 miss=0 switches=0 ooe=0
2014-02-17 11:24:41.993+0000 INFO  [org.neo4j]: target/pnl-demo/neostore.propertystore.db.index hit=0 miss=0 switches=0 ooe=0
2014-02-17 11:24:41.995+0000 INFO  [org.neo4j]: target/pnl-demo/neostore.propertystore.db.arrays hit=0 miss=0 switches=0 ooe=0
2014-02-17 11:24:41.997+0000 INFO  [org.neo4j]: target/pnl-demo/neostore.propertystore.db hit=0 miss=0 switches=0 ooe=0
2014-02-17 11:24:41.998+0000 INFO  [org.neo4j]: target/pnl-demo/neostore.relationshipstore.db hit=0 miss=0 switches=0 ooe=0
2014-02-17 11:24:41.999+0000 INFO  [org.neo4j]: target/pnl-demo/neostore.nodestore.db.labels hit=0 miss=0 switches=0 ooe=0
2014-02-17 11:24:42.000+0000 INFO  [org.neo4j]: target/pnl-demo/neostore.nodestore.db hit=0 miss=0 switches=0 ooe=0
2014-02-17 11:24:42.001+0000 INFO  [org.neo4j]: target/pnl-demo/neostore.schemastore.db hit=0 miss=0 switches=0 ooe=0
2014-02-17 11:24:42.003+0000 INFO  [org.neo4j]: target/pnl-demo/neostore hit=0 miss=8 switches=0 ooe=0
2014-02-17 11:24:42.009+0000 INFO  [org.neo4j]: [target/pnl-demo/neostore.relationshiptypestore.db.names] brickCount=0 brickSize=0b mappedMem=0b (storeSize=38b)
2014-02-17 11:24:42.010+0000 INFO  [org.neo4j]: [target/pnl-demo/neostore.relationshiptypestore.db] brickCount=0 brickSize=0b mappedMem=0b (storeSize=0b)
2014-02-17 11:24:42.011+0000 INFO  [org.neo4j]: [target/pnl-demo/neostore.labeltokenstore.db.names] brickCount=0 brickSize=0b mappedMem=0b (storeSize=38b)
2014-02-17 11:24:42.011+0000 INFO  [org.neo4j]: [target/pnl-demo/neostore.labeltokenstore.db] brickCount=0 brickSize=0b mappedMem=0b (storeSize=0b)
2014-02-17 11:24:42.012+0000 INFO  [org.neo4j]: [target/pnl-demo/neostore.propertystore.db.strings] brickCount=0 brickSize=295680b mappedMem=295698432b (storeSize=128b)
2014-02-17 11:24:42.013+0000 INFO  [org.neo4j]: [target/pnl-demo/neostore.propertystore.db.index.keys] brickCount=0 brickSize=0b mappedMem=0b (storeSize=38b)
2014-02-17 11:24:42.013+0000 INFO  [org.neo4j]: [target/pnl-demo/neostore.propertystore.db.index] brickCount=0 brickSize=0b mappedMem=0b (storeSize=0b)
2014-02-17 11:24:42.014+0000 INFO  [org.neo4j]: [target/pnl-demo/neostore.propertystore.db.arrays] brickCount=0 brickSize=334464b mappedMem=334495744b (storeSize=128b)
2014-02-17 11:24:42.014+0000 INFO  [org.neo4j]: [target/pnl-demo/neostore.propertystore.db] brickCount=0 brickSize=3470773b mappedMem=347078656b (storeSize=0b)
2014-02-17 11:24:42.015+0000 INFO  [org.neo4j]: [target/pnl-demo/neostore.relationshipstore.db] brickCount=0 brickSize=4257198b mappedMem=425721856b (storeSize=0b)
2014-02-17 11:24:42.015+0000 INFO  [org.neo4j]: [target/pnl-demo/neostore.nodestore.db.labels] brickCount=0 brickSize=0b mappedMem=0b (storeSize=68b)
2014-02-17 11:24:42.016+0000 INFO  [org.neo4j]: [target/pnl-demo/neostore.nodestore.db] brickCount=0 brickSize=964684b mappedMem=96468992b (storeSize=0b)
2014-02-17 11:24:42.016+0000 INFO  [org.neo4j]: [target/pnl-demo/neostore.schemastore.db] brickCount=0 brickSize=0b mappedMem=0b (storeSize=64b)
2014-02-17 11:24:42.017+0000 INFO  [org.neo4j]: [target/pnl-demo/neostore] brickCount=0 brickSize=0b mappedMem=0b (storeSize=63b)
2014-02-17 11:24:42.168+0000 INFO  [org.neo4j]: No lucene scan store index found, this might just be first use. Preparing to rebuild.
2014-02-17 11:24:42.213+0000 INFO  [org.neo4j]: No lucene scan store index found, this might just be first use. Preparing to rebuild.
2014-02-17 11:24:42.351+0000 INFO  [org.neo4j]: Opened logical log [target/pnl-demo/nioneo_logical.log.1] version=0, lastTxId=1 (clean)
2014-02-17 11:24:42.356+0000 INFO  [org.neo4j]: Rebuilding lucene scan store, this may take a while
2014-02-17 11:24:42.359+0000 INFO  [org.neo4j]: Lucene scan store rebuilt (roughly -1 nodes)
2014-02-17 11:24:42.365+0000 INFO  [org.neo4j]: TM new log: tm_tx_log.1
2014-02-17 11:24:42.395+0000 INFO  [org.neo4j]: Opened logical log [target/pnl-demo/index/lucene.log.1] version=0, lastTxId=1 (clean)
2014-02-17 11:24:42.402+0000 INFO  [org.neo4j]: --- STARTED diagnostics for KernelDiagnostics:Versions START ---
2014-02-17 11:24:42.402+0000 INFO  [org.neo4j]: Graph Database: org.neo4j.kernel.EmbeddedGraphDatabase StoreId[time:1392636281868, id:-6977932045777682429, store version: 13843131341501958]
2014-02-17 11:24:42.403+0000 INFO  [org.neo4j]: Kernel version: Neo4j - Graph Database Kernel (neo4j-kernel), version: 2.0.1
2014-02-17 11:24:42.403+0000 INFO  [org.neo4j]: Neo4j component versions:
2014-02-17 11:24:42.414+0000 INFO  [org.neo4j]:   Neo4j - JMX support (neo4j-jmx), version: 2.0.1; revision: 2.0.1:master:878/8bb63c9c059d8a491b7909e08da86a820c28d3a5
2014-02-17 11:24:42.414+0000 INFO  [org.neo4j]:   Neo4j - Lucene Index (neo4j-lucene-index), version: 2.0.1; revision: 2.0.1:master:878/8bb63c9c059d8a491b7909e08da86a820c28d3a5
2014-02-17 11:24:42.414+0000 INFO  [org.neo4j]:   Neo4j - Graph Matching (neo4j-graph-matching), version: 2.0.1; revision: 2.0.1:master:878/8bb63c9c059d8a491b7909e08da86a820c28d3a5
2014-02-17 11:24:42.415+0000 INFO  [org.neo4j]:   Neo4j - Cypher (neo4j-cypher), version: 2.0.1; revision: 2.0.1:master:878/8bb63c9c059d8a491b7909e08da86a820c28d3a5
2014-02-17 11:24:42.415+0000 INFO  [org.neo4j]:   Neo4j - Graph Database Kernel (neo4j-kernel), version: 2.0.1; revision: 2.0.1:master:878/8bb63c9c059d8a491b7909e08da86a820c28d3a5
2014-02-17 11:24:42.415+0000 INFO  [org.neo4j]:   Neo4j - Cypher Compiler 2.0 (neo4j-cypher-compiler-2.0), version: 2.0.1; revision: 2.0.1:master:878/8bb63c9c059d8a491b7909e08da86a820c28d3a5
2014-02-17 11:24:42.415+0000 INFO  [org.neo4j]:   Neo4j - Graph Algorithms (neo4j-graph-algo), version: 2.0.1; revision: 2.0.1:master:878/8bb63c9c059d8a491b7909e08da86a820c28d3a5
2014-02-17 11:24:42.415+0000 INFO  [org.neo4j]:   Neo4j Community (neo4j), version: 2.0.1; revision: 2.0.1:master:878/8bb63c9c059d8a491b7909e08da86a820c28d3a5
2014-02-17 11:24:42.416+0000 INFO  [org.neo4j]:   Neo4j - Cypher Compiler 1.9 (neo4j-cypher-compiler-1.9), version: 2.0.1; revision: 2.0.1:master:878/8bb63c9c059d8a491b7909e08da86a820c28d3a5
2014-02-17 11:24:42.416+0000 INFO  [org.neo4j]:   neo4j-udc, version: 2.0.1; revision: 2.0.1:master:878/8bb63c9c059d8a491b7909e08da86a820c28d3a5
2014-02-17 11:24:42.416+0000 INFO  [org.neo4j]:   Neo4j - Cypher Commons (neo4j-cypher-commons), version: 2.0.1; revision: 2.0.1:master:878/8bb63c9c059d8a491b7909e08da86a820c28d3a5
2014-02-17 11:24:42.416+0000 INFO  [org.neo4j]: --- STARTED diagnostics for KernelDiagnostics:Versions END ---
2014-02-17 11:24:42.421+0000 INFO  [org.neo4j]: --- STARTED diagnostics for NEO_STORE_VERSIONS START ---
2014-02-17 11:24:42.422+0000 INFO  [org.neo4j]: Store versions:
    Store versions:
      NeoStore v0.A.1
      SchemaStore v0.A.1
      NodeStore v0.A.1
      RelationshipStore v0.A.1
      RelationshipTypeStore v0.A.1
      LabelTokenStore v0.A.1
      PropertyStore v0.A.1
      PropertyIndexStore v0.A.1
      StringPropertyStore v0.A.1
      ArrayPropertyStore v0.A.1
2014-02-17 11:24:42.423+0000 INFO  [org.neo4j]: --- STARTED diagnostics for NEO_STORE_VERSIONS END ---
2014-02-17 11:24:42.423+0000 INFO  [org.neo4j]: --- STARTED diagnostics for NEO_STORE_ID_USAGE START ---
2014-02-17 11:24:42.423+0000 INFO  [org.neo4j]: Id usage:
    Id usage:
      SchemaStore: used=1 high=0
      NodeStore: used=0 high=-1
      RelationshipStore: used=0 high=-1
      RelationshipTypeStore: used=0 high=-1
      LabelTokenStore: used=0 high=-1
      PropertyStore: used=0 high=-1
      PropertyIndexStore: used=0 high=-1
      StringPropertyStore: used=1 high=0
      ArrayPropertyStore: used=1 high=0
2014-02-17 11:24:42.425+0000 INFO  [org.neo4j]: --- STARTED diagnostics for NEO_STORE_ID_USAGE END ---
2014-02-17 11:24:42.425+0000 INFO  [org.neo4j]: --- STARTED diagnostics for PERSISTENCE_WINDOW_POOL_STATS START ---
2014-02-17 11:24:42.426+0000 INFO  [org.neo4j]: --- STARTED diagnostics for PERSISTENCE_WINDOW_POOL_STATS END ---
2014-02-17 11:24:42.426+0000 INFO  [org.neo4j]: --- STARTED diagnostics for KernelDiagnostics:StoreFiles START ---
2014-02-17 11:24:42.427+0000 INFO  [org.neo4j]: Disk space on partition (Total / Free / Free %): 120473067520 / 8740802560 / 7
Storage files: (filename : modification date - size)
      active_tx_log: 2014-02-17T16:54:42+0530 - 11.00 B
      index:
        lucene-store.db: 2014-02-17T16:54:42+0530 - 40.00 B
        lucene.log.1: 2014-02-17T16:54:42+0530 - 16.00 B
        lucene.log.active: 2014-02-17T16:54:42+0530 - 4.00 B
      - Total: 2014-02-17T16:54:42+0530 - 60.00 B
      lock: 2014-02-17T16:54:42+0530 - 0.00 B
      messages.log: 2014-02-17T16:54:42+0530 - 20.71 kB
      neostore: 2014-02-17T16:54:42+0530 - 63.00 B
      neostore.id: 2014-02-17T16:54:42+0530 - 9.00 B
      neostore.labeltokenstore.db: 2014-02-17T16:54:42+0530 - 0.00 B
      neostore.labeltokenstore.db.id: 2014-02-17T16:54:42+0530 - 9.00 B
      neostore.labeltokenstore.db.names: 2014-02-17T16:54:42+0530 - 38.00 B
      neostore.labeltokenstore.db.names.id: 2014-02-17T16:54:42+0530 - 9.00 B
      neostore.nodestore.db: 2014-02-17T16:54:42+0530 - 0.00 B
      neostore.nodestore.db.id: 2014-02-17T16:54:42+0530 - 9.00 B
      neostore.nodestore.db.labels: 2014-02-17T16:54:42+0530 - 68.00 B
      neostore.nodestore.db.labels.id: 2014-02-17T16:54:42+0530 - 9.00 B
      neostore.propertystore.db: 2014-02-17T16:54:42+0530 - 0.00 B
      neostore.propertystore.db.arrays: 2014-02-17T16:54:42+0530 - 128.00 B
      neostore.propertystore.db.arrays.id: 2014-02-17T16:54:42+0530 - 9.00 B
      neostore.propertystore.db.id: 2014-02-17T16:54:42+0530 - 9.00 B
      neostore.propertystore.db.index: 2014-02-17T16:54:42+0530 - 0.00 B
      neostore.propertystore.db.index.id: 2014-02-17T16:54:42+0530 - 9.00 B
      neostore.propertystore.db.index.keys: 2014-02-17T16:54:42+0530 - 38.00 B
      neostore.propertystore.db.index.keys.id: 2014-02-17T16:54:42+0530 - 9.00 B
      neostore.propertystore.db.strings: 2014-02-17T16:54:42+0530 - 128.00 B
      neostore.propertystore.db.strings.id: 2014-02-17T16:54:42+0530 - 9.00 B
      neostore.relationshipstore.db: 2014-02-17T16:54:42+0530 - 0.00 B
      neostore.relationshipstore.db.id: 2014-02-17T16:54:42+0530 - 9.00 B
      neostore.relationshiptypestore.db: 2014-02-17T16:54:42+0530 - 0.00 B
      neostore.relationshiptypestore.db.id: 2014-02-17T16:54:42+0530 - 9.00 B
      neostore.relationshiptypestore.db.names: 2014-02-17T16:54:42+0530 - 38.00 B
      neostore.relationshiptypestore.db.names.id: 2014-02-17T16:54:42+0530 - 9.00 B
      neostore.schemastore.db: 2014-02-17T16:54:42+0530 - 64.00 B
      neostore.schemastore.db.id: 2014-02-17T16:54:42+0530 - 9.00 B
      nioneo_logical.log.1: 2014-02-17T16:54:42+0530 - 16.00 B
      nioneo_logical.log.active: 2014-02-17T16:54:42+0530 - 4.00 B
      schema:
        label:
          lucene:
            write.lock: 2014-02-17T16:54:42+0530 - 0.00 B
          - Total: 2014-02-17T16:54:42+0530 - 0.00 B
        - Total: 2014-02-17T16:54:42+0530 - 0.00 B
      - Total: 2014-02-17T15:33:26+0530 - 0.00 B
      store_lock: 2014-02-17T16:54:41+0530 - 0.00 B
      tm_tx_log.1: 2014-02-17T16:54:42+0530 - 0.00 B
2014-02-17 11:24:42.443+0000 INFO  [org.neo4j]: --- STARTED diagnostics for KernelDiagnostics:StoreFiles END ---
2014-02-17 11:24:42.505+0000 INFO  [org.neo4j]: GC Monitor started. 
2014-02-17 11:24:42.506+0000 INFO  [org.neo4j]: Database is now ready
2014-02-17 11:24:42.574+0000 INFO  [org.neo4j]: Shutdown started
